<?xml version="1.0" encoding="UTF-8"?>
<!-- Generated by org.testng.reporters.JUnitReportReporter -->
<testsuite hostname="AthiraKrishnan" failures="0" tests="5" name="testcases.TC_VideoGameAPI" time="3.315" errors="0" timestamp="2022-02-28T18:06:44 IST" skipped="0">
  <testcase classname="testcases.TC_VideoGameAPI" name="getAllVideoGames" time="2.369"/>
  <system-out/>
  <testcase classname="testcases.TC_VideoGameAPI" name="createVideoGame" time="0.382"/>
  <system-out/>
  <testcase classname="testcases.TC_VideoGameAPI" name="getVideoGame" time="0.417"/>
  <system-out/>
  <testcase classname="testcases.TC_VideoGameAPI" name="updateVideoGame" time="0.053"/>
  <system-out/>
  <testcase classname="testcases.TC_VideoGameAPI" name="deleteVideoGame" time="0.094"/>
  <system-out/>
</testsuite> <!-- testcases.TC_VideoGameAPI -->
