<?xml version="1.0" encoding="UTF-8"?>
<!-- Generated by org.testng.reporters.JUnitReportReporter -->
<testsuite hostname="AthiraKrishnan" failures="0" tests="5" name="testcases.TC_VideoGameAPI" time="3.470" errors="0" timestamp="2022-02-28T18:25:00 IST" skipped="0">
  <testcase classname="testcases.TC_VideoGameAPI" name="getAllVideoGames" time="2.072"/>
  <system-out/>
  <testcase classname="testcases.TC_VideoGameAPI" name="createVideoGame" time="0.494"/>
  <system-out/>
  <testcase classname="testcases.TC_VideoGameAPI" name="getVideoGame" time="0.636"/>
  <system-out/>
  <testcase classname="testcases.TC_VideoGameAPI" name="updateVideoGame" time="0.082"/>
  <system-out/>
  <testcase classname="testcases.TC_VideoGameAPI" name="deleteVideoGame" time="0.186"/>
  <system-out/>
</testsuite> <!-- testcases.TC_VideoGameAPI -->
